2022-04-26 20:36:50,151  INFO Controller:34 = Illia authorized and started the game.
2022-04-26 20:36:53,150  INFO Controller:41 = Amount of plays : 2
2022-04-26 20:36:54,087  INFO Controller:66 = Player choice : R
2022-04-26 20:36:54,087  INFO Controller:67 = Computer choice : P
2022-04-26 20:36:54,103  INFO Controller:89 = Player victories : 0
2022-04-26 20:36:54,103  INFO Controller:90 = Player loses : 1
2022-04-26 20:36:54,103  INFO Controller:91 = Player ties : 0
2022-04-26 20:36:54,103  INFO Controller:93 = Computer victories : 1
2022-04-26 20:36:54,103  INFO Controller:94 = Computer loses : 0
2022-04-26 20:36:54,103  INFO Controller:95 = Computer ties : 0
2022-04-26 20:36:56,196  INFO Controller:66 = Player choice : R
2022-04-26 20:36:56,196  INFO Controller:67 = Computer choice : P
2022-04-26 20:36:56,212  INFO Controller:118 = Statistics were displayed successfully.
2022-04-26 20:39:56,327  INFO Controller:34 = Illia authorized and started the game.
2022-04-26 20:39:59,451  INFO Controller:41 = Amount of plays : 1
2022-04-26 20:40:03,934  INFO Controller:66 = Player choice : R
2022-04-26 20:40:03,934  INFO Controller:67 = Computer choice : R
2022-04-26 20:40:03,965  INFO Controller:120 = Statistics were displayed successfully. Player Illia has left the game.
2022-04-26 20:40:28,999  INFO Controller:34 = Illia authorized and started the game.
2022-04-26 20:40:31,201  INFO Controller:41 = Amount of plays : 3
2022-04-26 20:40:32,795  INFO Controller:66 = Player choice : R
2022-04-26 20:40:32,795  INFO Controller:67 = Computer choice : P
2022-04-26 20:40:32,795  INFO Controller:89 = Player victories : 0
2022-04-26 20:40:32,795  INFO Controller:90 = Player loses : 1
2022-04-26 20:40:32,795  INFO Controller:91 = Player ties : 0
2022-04-26 20:40:32,795  INFO Controller:93 = Computer victories : 1
2022-04-26 20:40:32,795  INFO Controller:94 = Computer loses : 0
2022-04-26 20:40:32,795  INFO Controller:95 = Computer ties : 0
2022-04-26 20:40:32,795  INFO Controller:97 = Amount of plays left : 2
2022-04-26 20:40:38,262  INFO Controller:66 = Player choice : R
2022-04-26 20:40:38,262  INFO Controller:67 = Computer choice : R
2022-04-26 20:40:38,262  INFO Controller:89 = Player victories : 0
2022-04-26 20:40:38,262  INFO Controller:90 = Player loses : 1
2022-04-26 20:40:38,262  INFO Controller:91 = Player ties : 1
2022-04-26 20:40:38,262  INFO Controller:93 = Computer victories : 1
2022-04-26 20:40:38,262  INFO Controller:94 = Computer loses : 0
2022-04-26 20:40:38,262  INFO Controller:95 = Computer ties : 1
2022-04-26 20:40:38,262  INFO Controller:97 = Amount of plays left : 1
2022-04-26 20:40:40,886  INFO Controller:66 = Player choice : R
2022-04-26 20:40:40,886  INFO Controller:67 = Computer choice : R
2022-04-26 20:40:40,918  INFO Controller:120 = Statistics were displayed successfully. Player Illia has left the game.
